
TINY COMPILATION: ../example/block3.cm
1: /* Impressao recursiva da representacao
2: binaria do modulo de um inteiro */
3: void binario (int x) {
	3: reserved word: void
	3: ID, name= binario
	3: (
	3: reserved word: int
	3: ID, name= x
	3: )
	3: {
4:   if (x < 2) output(x);
	4: reserved word: if
	4: (
	4: ID, name= x
	4: <
	4: NUM, val= 2
	4: )
	4: ID, name= output
	4: (
	4: ID, name= x
	4: )
	4: ;
5:   else {
	5: reserved word: else
	5: {
6:     binario(x/2);
	6: ID, name= binario
	6: (
	6: ID, name= x
	6: /
	6: NUM, val= 2
	6: )
	6: ;
7:     output(x - 2*(x/2));
	7: ID, name= output
	7: (
	7: ID, name= x
	7: -
	7: NUM, val= 2
	7: *
	7: (
	7: ID, name= x
	7: /
	7: NUM, val= 2
	7: )
	7: )
	7: ;
8:   }
	8: }
9: }
	9: }
10: 
11: void main(void) {
	11: reserved word: void
	11: ID, name= main
	11: (
	11: reserved word: void
	11: )
	11: {
12:   int x;
	12: reserved word: int
	12: ID, name= x
	12: ;
13:   x = input();
	13: ID, name= x
	13: =
	13: ID, name= input
	13: (
	13: )
	13: ;
14:   if (x >= 0) binario(x);
	14: reserved word: if
	14: (
	14: ID, name= x
	14: >=
	14: NUM, val= 0
	14: )
	14: ID, name= binario
	14: (
	14: ID, name= x
	14: )
	14: ;
15:   else binario(0 - x);
	15: reserved word: else
	15: ID, name= binario
	15: (
	15: NUM, val= 0
	15: -
	15: ID, name= x
	15: )
	15: ;
16: }
	16: }
	16: EOF

Syntax tree:
Declare function (return type "void"): binario
    Function param (int var): x
        Conditional selection
        Op: <
            Id: x
            Const: 2
        Function call: output
            Id: x
                Function call: binario
            Op: /
                Id: x
                Const: 2
        Function call: output
            Op: -
                Id: x
                Op: *
                    Const: 2
                    Op: /
                        Id: x
                        Const: 2
Declare function (return type "void"): main
        Declare int var: x
    Assign to var: x
        Function call: input
    Conditional selection
        Op: >=
            Id: x
            Const: 0
        Function call: binario
            Id: x
        Function call: binario
            Op: -
                Const: 0
                Id: x

Building Symbol Table...

Symbol table:

Variable Name  Scope     ID Type  Data Type  Line Numbers
-------------  --------  -------  ---------  -------------------------
main                     fun      void       11 
binario                  fun      void        3  6 14 15 
input                    fun      int        13 
output                   fun      void        4  7 
x              binario   var      int         3  4  6  7 
x              main      var      int        12 13 14 15 

Checking Types...

Type Checking Finished
* TINY Compilation to TM Code
* Standard prelude:
  0:     LD  6,0(0) 	load maxaddress from location 0
  1:     LD  2,0(0) 	load maxaddress from location 0
  2:     ST  0,0(0) 	clear location 0
* End of standard prelude.
* -> Init Function (binario)
  4:     ST  0,-1(2) 	store return address from ac
* -> Param
* <- Param
* -> if
* -> Op
* -> Id
  5:     LD  0,-2(2) 	load id value
* <- Id
  6:     ST  0,-3(2) 	op: push left
* -> Const
  7:    LDC  0,2(0) 	load const
* <- Const
  8:     LD  1,-3(2) 	op: load left
  9:    SUB  0,1,0 	op <
 10:    JLT  0,2(7) 	br if true
 11:    LDC  0,0(0) 	false case
 12:    LDA  7,1(7) 	unconditional jmp
 13:    LDC  0,1(0) 	true case
* <- Op
* if: jump to else belongs here
* -> Function Call (output)
* -> Id
 15:     LD  0,-2(2) 	load id value
* <- Id
 16:    OUT  0,0,0 	print value
* if: jump to end belongs here
 14:    JEQ  0,3(7) 	if: jmp to else
* -> Function Call (binario)
 18:     ST  2,-3(2) 	Guard fp
* -> Op
* -> Id
 19:     LD  0,-2(2) 	load id value
* <- Id
 20:     ST  0,-5(2) 	op: push left
* -> Const
 21:    LDC  0,2(0) 	load const
* <- Const
 22:     LD  1,-5(2) 	op: load left
 23:    DIV  0,1,0 	op /
* <- Op
 24:     ST  0,-5(2) 	Store value of func argument
 25:    LDA  2,-3(2) 	change fp
 26:    LDC  0,28(0) 	Guard return adress
 27:    LDA  7,-24(7) 	jump to function
* <- Function Call
* -> Function Call (output)
* -> Op
* -> Id
 28:     LD  0,-2(2) 	load id value
* <- Id
 29:     ST  0,-3(2) 	op: push left
* -> Op
* -> Const
 30:    LDC  0,2(0) 	load const
* <- Const
 31:     ST  0,-4(2) 	op: push left
* -> Op
* -> Id
 32:     LD  0,-2(2) 	load id value
* <- Id
 33:     ST  0,-5(2) 	op: push left
* -> Const
 34:    LDC  0,2(0) 	load const
* <- Const
 35:     LD  1,-5(2) 	op: load left
 36:    DIV  0,1,0 	op /
* <- Op
 37:     LD  1,-4(2) 	op: load left
 38:    MUL  0,1,0 	op *
* <- Op
 39:     LD  1,-3(2) 	op: load left
 40:    SUB  0,1,0 	op -
* <- Op
 41:    OUT  0,0,0 	print value
 17:    LDA  7,24(7) 	jmp to end
* <- if
 42:    LDA  1,0(2) 	save current fp into ac1
 43:     LD  2,0(2) 	make fp = ofp
 44:     LD  7,-1(1) 	return to caller
* <- End Function
* -> Init Function (main)
  3:    LDA  7,41(7) 	jump to main
* -> declare var
* <- declare var
* -> assign
* -> Function Call (input)
 45:     IN  0,0,0 	read input
 46:     ST  0,-2(2) 	assign: store value
* <- assign
* -> if
* -> Op
* -> Id
 47:     LD  0,-2(2) 	load id value
* <- Id
 48:     ST  0,-3(2) 	op: push left
* -> Const
 49:    LDC  0,0(0) 	load const
* <- Const
 50:     LD  1,-3(2) 	op: load left
 51:    SUB  0,1,0 	op >=
 52:    JGE  0,2(7) 	br if true
 53:    LDC  0,0(0) 	false case
 54:    LDA  7,1(7) 	unconditional jmp
 55:    LDC  0,1(0) 	true case
* <- Op
* if: jump to else belongs here
* -> Function Call (binario)
 57:     ST  2,-3(2) 	Guard fp
* -> Id
 58:     LD  0,-2(2) 	load id value
* <- Id
 59:     ST  0,-5(2) 	Store value of func argument
 60:    LDA  2,-3(2) 	change fp
 61:    LDC  0,63(0) 	Guard return adress
 62:    LDA  7,-59(7) 	jump to function
* <- Function Call
* if: jump to end belongs here
 56:    JEQ  0,7(7) 	if: jmp to else
* -> Function Call (binario)
 64:     ST  2,-3(2) 	Guard fp
* -> Op
* -> Const
 65:    LDC  0,0(0) 	load const
* <- Const
 66:     ST  0,-5(2) 	op: push left
* -> Id
 67:     LD  0,-2(2) 	load id value
* <- Id
 68:     LD  1,-5(2) 	op: load left
 69:    SUB  0,1,0 	op -
* <- Op
 70:     ST  0,-5(2) 	Store value of func argument
 71:    LDA  2,-3(2) 	change fp
 72:    LDC  0,74(0) 	Guard return adress
 73:    LDA  7,-70(7) 	jump to function
* <- Function Call
 63:    LDA  7,10(7) 	jmp to end
* <- if
* <- End Function
* End of execution.
 74:   HALT  0,0,0 	
